#
# A fatal error has been detected by the Java Runtime Environment:
#
#  Internal Error (javaClasses.cpp:127), pid=6196, tid=4368
#  fatal error: Invalid layout of preloaded class
#
# JRE version:  (8.0_45-b14) (build )
# Java VM: Java HotSpot(TM) Client VM (25.45-b02 mixed mode windows-x86 )
# Failed to write core dump. Minidumps are not enabled by default on client versions of Windows
#
# If you would like to submit a bug report, please visit:
#   http://bugreport.java.com/bugreport/crash.jsp
#

---------------  T H R E A D  ---------------

Current thread (0x00e1c400):  JavaThread "Unknown thread" [_thread_in_vm, id=4368, stack(0x00640000,0x00690000)]

Stack: [0x00640000,0x00690000],  sp=0x0068f7bc,  free space=317k
Native frames: (J=compiled Java code, j=interpreted, Vv=VM code, C=native code)
V  [jvm.dll+0x1a4f8b]
V  [jvm.dll+0x19d846]
V  [jvm.dll+0x42269]
V  [jvm.dll+0x4241e]
V  [jvm.dll+0x5193e]
V  [jvm.dll+0xa86ae]
V  [jvm.dll+0xa8972]
V  [jvm.dll+0x154631]
V  [jvm.dll+0x17869b]
V  [jvm.dll+0xe51a1]
C  [javaw.exe+0x14d3]
C  [javaw.exe+0x2047]
C  [javaw.exe+0xadff]
C  [javaw.exe+0xae89]
C  [kernel32.dll+0x1336a]
C  [ntdll.dll+0x392b2]
C  [ntdll.dll+0x39285]
C  0x00000000


---------------  P R O C E S S  ---------------

Java Threads: ( => current thread )

Other Threads:

=>0x00e1c400 (exited) JavaThread "Unknown thread" [_thread_in_vm, id=4368, stack(0x00640000,0x00690000)]

VM state:not at safepoint (not fully initialized)

VM Mutex/Monitor currently owned by a thread: None

GC Heap History (0 events):
No events

Deoptimization events (0 events):
No events

Internal exceptions (0 events):
No events

Events (10 events):
Event: 0.009 loading class java/lang/CharSequence done
Event: 0.009 loading class java/lang/String done
Event: 0.009 loading class java/lang/Class
Event: 0.009 loading class java/lang/reflect/AnnotatedElement
Event: 0.009 loading class java/lang/reflect/AnnotatedElement done
Event: 0.009 loading class java/lang/reflect/GenericDeclaration
Event: 0.009 loading class java/lang/reflect/GenericDeclaration done
Event: 0.009 loading class java/lang/reflect/Type
Event: 0.009 loading class java/lang/reflect/Type done
Event: 0.009 loading class java/lang/Class done


Dynamic libraries:
0x00fd0000 - 0x01003000 	C:\Program Files (x86)\Java\jdk1.8.0_45\bin\javaw.exe
0x77100000 - 0x77280000 	C:\Windows\SysWOW64\ntdll.dll
0x76ad0000 - 0x76be0000 	C:\Windows\syswow64\kernel32.dll
0x76940000 - 0x76987000 	C:\Windows\syswow64\KERNELBASE.dll
0x762a0000 - 0x76340000 	C:\Windows\syswow64\ADVAPI32.dll
0x769c0000 - 0x76a6c000 	C:\Windows\syswow64\msvcrt.dll
0x75fe0000 - 0x75ff9000 	C:\Windows\SysWOW64\sechost.dll
0x76c10000 - 0x76d00000 	C:\Windows\syswow64\RPCRT4.dll
0x74a90000 - 0x74af0000 	C:\Windows\syswow64\SspiCli.dll
0x74a80000 - 0x74a8c000 	C:\Windows\syswow64\CRYPTBASE.dll
0x76610000 - 0x76710000 	C:\Windows\syswow64\USER32.dll
0x759e0000 - 0x75a70000 	C:\Windows\syswow64\GDI32.dll
0x76280000 - 0x7628a000 	C:\Windows\syswow64\LPK.dll
0x75810000 - 0x758ad000 	C:\Windows\syswow64\USP10.dll
0x74260000 - 0x743fe000 	C:\Windows\WinSxS\x86_microsoft.windows.common-controls_6595b64144ccf1df_6.0.7601.18807_none_41e554362bd82458\COMCTL32.dll
0x76710000 - 0x76767000 	C:\Windows\syswow64\SHLWAPI.dll
0x75980000 - 0x759e0000 	C:\Windows\system32\IMM32.DLL
0x758b0000 - 0x7597c000 	C:\Windows\syswow64\MSCTF.dll
0x10000000 - 0x1001c000 	C:\PROGRA~2\COMMON~1\Baidu\BDWEBA~1\20320~1.0\BDEWebAdapterFrame.dll
0x5afc0000 - 0x5b07f000 	C:\Program Files (x86)\Java\jdk1.8.0_45\jre\bin\msvcr100.dll
0x682e0000 - 0x686a0000 	C:\Program Files (x86)\Java\jdk1.8.0_45\jre\bin\client\jvm.dll
0x6a170000 - 0x6a177000 	C:\Windows\system32\WSOCK32.dll
0x76a90000 - 0x76ac5000 	C:\Windows\syswow64\WS2_32.dll
0x76770000 - 0x76776000 	C:\Windows\syswow64\NSI.dll
0x74700000 - 0x74732000 	C:\Windows\system32\WINMM.dll
0x74760000 - 0x74769000 	C:\Windows\system32\VERSION.dll
0x770d0000 - 0x770d5000 	C:\Windows\syswow64\PSAPI.DLL
0x692a0000 - 0x692ac000 	C:\Program Files (x86)\Java\jdk1.8.0_45\jre\bin\verify.dll
0x68f70000 - 0x68f91000 	C:\Program Files (x86)\Java\jdk1.8.0_45\jre\bin\java.dll
0x69280000 - 0x69293000 	C:\Program Files (x86)\Java\jdk1.8.0_45\jre\bin\zip.dll
0x74040000 - 0x7412b000 	C:\Windows\system32\dbghelp.dll

VM Arguments:
jvm_args: -Dfile.encoding=UTF-8 -Xbootclasspath:D:\gongj\android-sdk\android-sdk\platforms\android-19\android.jar 
java_command: com.zhlt.g1.util.GenSequenceUtil
java_class_path (initial): D:\G1SVN\G1\G1\src\android\G1\bin\classes;D:\G1SVN\G1\G1\src\android\G1\libs\android-support-v4.jar;D:\G1SVN\G1\G1\src\android\G1\libs\log4j-1.2.15.jar;D:\G1SVN\G1\G1\src\android\G1\libs\android-logging-log4j-1.0.3.jar
Launcher Type: SUN_STANDARD

Environment Variables:
JAVA_HOME=C:\Program Files (x86)\Java\jdk1.8.0_45
CLASSPATH=C:\Program Files (x86)\Java\jdk1.8.0_45\\lib\tools.jar;C:\Program Files (x86)\Java\jdk1.8.0_45\lib\dt.jar
PATH=C:/Program Files (x86)/Java/jdk1.8.0_45/bin/../jre/bin/client;C:/Program Files (x86)/Java/jdk1.8.0_45/bin/../jre/bin;C:/Program Files (x86)/Java/jdk1.8.0_45/bin/../jre/lib/i386;C:\Windows\system32;C:\Windows;C:\Windows\System32\Wbem;C:\Windows\System32\WindowsPowerShell\v1.0\;C:\Program Files (x86)\Java\jdk1.8.0_45\bin;C:\Program Files\TortoiseSVN\bin;D:\gongj\eclipse-jee-indigo-SR2-win32\eclipse;
USERNAME=Administrator
OS=Windows_NT
PROCESSOR_IDENTIFIER=Intel64 Family 6 Model 60 Stepping 3, GenuineIntel



---------------  S Y S T E M  ---------------

OS: Windows 7 , 64 bit Build 7601 (6.1.7601.18798)

CPU:total 8 (4 cores per cpu, 2 threads per core) family 6 model 60 stepping 3, cmov, cx8, fxsr, mmx, sse, sse2, sse3, ssse3, sse4.1, sse4.2, popcnt, avx, avx2, aes, clmul, erms, rtm, lzcnt, ht, tsc, tscinvbit, bmi1, bmi2

Memory: 4k page, physical 16651388k(13700452k free), swap 33300924k(29816660k free)

vm_info: Java HotSpot(TM) Client VM (25.45-b02) for windows-x86 JRE (1.8.0_45-b14), built on Apr 10 2015 10:46:40 by "java_re" with MS VC++ 10.0 (VS2010)

time: Wed Jun 03 15:42:24 2015
elapsed time: 0 seconds (0d 0h 0m 0s)

